#
# There is insufficient memory for the Java Runtime Environment to continue.
# Native memory allocation (malloc) failed to allocate 273408 bytes for Chunk::new
# Possible reasons:
#   The system is out of physical RAM or swap space
#   The process is running with CompressedOops enabled, and the Java Heap may be blocking the growth of the native heap
# Possible solutions:
#   Reduce memory load on the system
#   Increase physical memory or swap space
#   Check if swap backing store is full
#   Decrease Java heap size (-Xmx/-Xms)
#   Decrease number of Java threads
#   Decrease Java thread stack sizes (-Xss)
#   Set larger code cache with -XX:ReservedCodeCacheSize=
#   JVM is running with Zero Based Compressed Oops mode in which the Java heap is
#     placed in the first 32GB address space. The Java Heap base address is the
#     maximum limit for the native heap growth. Please use -XX:HeapBaseMinAddress
#     to set the Java Heap base and to place the Java Heap above 32GB virtual address.
# This output file may be truncated or incomplete.
#
#  Out of Memory Error (allocation.cpp:389), pid=14848, tid=0x0000000000006e00
#
# JRE version: OpenJDK Runtime Environment (8.0_212-b04) (build 1.8.0_212-release-1586-b04)
# Java VM: OpenJDK 64-Bit Server VM (25.212-b04 mixed mode windows-amd64 compressed oops)
# Failed to write core dump. Minidumps are not enabled by default on client versions of Windows
#

---------------  T H R E A D  ---------------

Current thread (0x000000001c89a000):  JavaThread "C2 CompilerThread2" daemon [_thread_in_native, id=28160, stack(0x000000001f0e0000,0x000000001f1e0000)]

Stack: [0x000000001f0e0000,0x000000001f1e0000]
[error occurred during error reporting (printing stack bounds), id 0xc0000005]

Native frames: (J=compiled Java code, j=interpreted, Vv=VM code, C=native code)


Current CompileTask:
C2:  25404 4382   !   4       java.util.jar.Attributes::read (380 bytes)


---------------  P R O C E S S  ---------------

Java Threads: ( => current thread )
  0x000000001fa70000 JavaThread "Cache worker for Build Output Cleanup Cache (C:\Users\mhbae\Downloads\sample2\.gradle\buildOutputCleanup)" [_thread_blocked, id=19660, stack(0x0000000029b70000,0x0000000029c70000)]
  0x000000001fa6f800 JavaThread "pool-1-thread-1" [_thread_blocked, id=2232, stack(0x0000000029870000,0x0000000029970000)]
  0x000000001fa72800 JavaThread "Build operations Thread 8" [_thread_blocked, id=23840, stack(0x0000000029370000,0x0000000029470000)]
  0x000000001fa6e800 JavaThread "Build operations Thread 7" [_thread_blocked, id=6604, stack(0x0000000029270000,0x0000000029370000)]
  0x000000001fa71800 JavaThread "Build operations Thread 6" [_thread_blocked, id=25084, stack(0x0000000029170000,0x0000000029270000)]
  0x000000001fa68800 JavaThread "Build operations Thread 5" [_thread_blocked, id=15868, stack(0x0000000029070000,0x0000000029170000)]
  0x000000001fa67000 JavaThread "Build operations Thread 4" [_thread_blocked, id=4444, stack(0x0000000028cb0000,0x0000000028db0000)]
  0x000000001fa69800 JavaThread "Build operations Thread 3" [_thread_blocked, id=26148, stack(0x0000000028bb0000,0x0000000028cb0000)]
  0x000000001fa6e000 JavaThread "Build operations Thread 2" [_thread_blocked, id=21904, stack(0x0000000028ab0000,0x0000000028bb0000)]
  0x000000001fa68000 JavaThread "Build operations" [_thread_blocked, id=29608, stack(0x00000000289b0000,0x0000000028ab0000)]
  0x000000001fa6d000 JavaThread "Cache worker for execution history cache (C:\Users\mhbae\.gradle\caches\5.6.4\executionHistory)" [_thread_blocked, id=1584, stack(0x00000000270e0000,0x00000000271e0000)]
  0x000000001fa6b000 JavaThread "Cache worker for cache directory md-rule (C:\Users\mhbae\.gradle\caches\5.6.4\md-rule)" [_thread_blocked, id=26332, stack(0x0000000026fe0000,0x00000000270e0000)]
  0x000000001fd67800 JavaThread "Cache worker for cache directory md-supplier (C:\Users\mhbae\.gradle\caches\5.6.4\md-supplier)" [_thread_blocked, id=12896, stack(0x0000000025840000,0x0000000025940000)]
  0x000000001fd6a000 JavaThread "Cache worker for file hash cache (C:\Users\mhbae\Downloads\sample2\.gradle\5.6.4\fileHashes)" [_thread_blocked, id=5944, stack(0x0000000025480000,0x0000000025580000)]
  0x000000001fd65800 JavaThread "File lock release action executor" [_thread_blocked, id=13432, stack(0x0000000023160000,0x0000000023260000)]
  0x000000001fd69000 JavaThread "Cache worker for journal cache (C:\Users\mhbae\.gradle\caches\journal-1)" [_thread_blocked, id=29376, stack(0x0000000023060000,0x0000000023160000)]
  0x000000001fd68800 JavaThread "File lock request listener" [_thread_in_native, id=12488, stack(0x0000000022f60000,0x0000000023060000)]
  0x000000001fd63000 JavaThread "Cache worker for file hash cache (C:\Users\mhbae\.gradle\caches\5.6.4\fileHashes)" [_thread_blocked, id=24628, stack(0x0000000022e60000,0x0000000022f60000)]
  0x000000001fb16000 JavaThread "Thread-9" [_thread_blocked, id=6352, stack(0x0000000022b60000,0x0000000022c60000)]
  0x000000001fa52000 JavaThread "Stdin handler" [_thread_blocked, id=24168, stack(0x0000000022a60000,0x0000000022b60000)]
  0x000000001fb09000 JavaThread "Asynchronous log dispatcher for DefaultDaemonConnection: socket connection from /127.0.0.1:65263 to /127.0.0.1:65267" [_thread_blocked, id=11708, stack(0x0000000022860000,0x0000000022960000)]
  0x000000001fb00000 JavaThread "Daemon worker" [_thread_in_Java, id=10360, stack(0x0000000022760000,0x0000000022860000)]
  0x000000001fafc800 JavaThread "Cancel handler" [_thread_blocked, id=27344, stack(0x0000000022660000,0x0000000022760000)]
  0x000000001e767800 JavaThread "Handler for socket connection from /127.0.0.1:65263 to /127.0.0.1:65267" [_thread_in_native, id=8376, stack(0x0000000022360000,0x0000000022460000)]
  0x000000001e76a000 JavaThread "Daemon" [_thread_blocked, id=15100, stack(0x0000000022260000,0x0000000022360000)]
  0x00000000205cb000 JavaThread "Daemon periodic checks" [_thread_blocked, id=23520, stack(0x0000000022160000,0x0000000022260000)]
  0x000000001fc11800 JavaThread "Incoming local TCP Connector on port 65263" [_thread_in_native, id=27692, stack(0x0000000021f80000,0x0000000022080000)]
  0x000000001e905800 JavaThread "Daemon health stats" [_thread_blocked, id=4216, stack(0x0000000021c80000,0x0000000021d80000)]
  0x000000001e76d800 JavaThread "Service Thread" daemon [_thread_blocked, id=9068, stack(0x000000001f2e0000,0x000000001f3e0000)]
  0x000000001e746800 JavaThread "C1 CompilerThread3" daemon [_thread_blocked, id=2356, stack(0x000000001f1e0000,0x000000001f2e0000)]
=>0x000000001c89a000 JavaThread "C2 CompilerThread2" daemon [_thread_in_native, id=28160, stack(0x000000001f0e0000,0x000000001f1e0000)]
  0x000000001e6e7800 JavaThread "C2 CompilerThread1" daemon [_thread_in_native, id=5196, stack(0x000000001efe0000,0x000000001f0e0000)]
  0x000000001e6e4000 JavaThread "C2 CompilerThread0" daemon [_thread_blocked, id=25080, stack(0x000000001eee0000,0x000000001efe0000)]
  0x000000001e6e3000 JavaThread "Attach Listener" daemon [_thread_blocked, id=25952, stack(0x000000001ede0000,0x000000001eee0000)]
  0x000000001e6e2000 JavaThread "Signal Dispatcher" daemon [_thread_blocked, id=15064, stack(0x000000001ece0000,0x000000001ede0000)]
  0x0000000002d6e000 JavaThread "Finalizer" daemon [_thread_blocked, id=10984, stack(0x000000001eb50000,0x000000001ec50000)]
  0x0000000002d65000 JavaThread "Reference Handler" daemon [_thread_blocked, id=27032, stack(0x000000001ea50000,0x000000001eb50000)]
  0x0000000002c72800 JavaThread "main" [_thread_blocked, id=19328, stack(0x0000000002810000,0x0000000002910000)]

Other Threads:
  0x000000001c888000 VMThread [stack: 0x000000001e550000,0x000000001e650000] [id=25884]
  0x000000001e76e000 WatcherThread [stack: 0x000000001f3e0000,0x000000001f4e0000] [id=18824]

VM state:not at safepoint (normal execution)

VM Mutex/Monitor currently owned by a thread: None

heap address: 0x00000006c0000000, size: 4096 MB, Compressed Oops mode: Zero based, Oop shift amount: 3
Narrow klass base: 0x0000000000000000, Narrow klass shift: 3
Compressed class space size: 1073741824 Address: 0x00000007c0000000

Heap:
 PSYoungGen      total 207872K, used 58100K [0x000000076ab00000, 0x0000000779900000, 0x00000007c0000000)
  eden space 196096K, 23% used [0x000000076ab00000,0x000000076d888db8,0x0000000776a80000)
  from space 11776K, 97% used [0x0000000778d80000,0x00000007798b42c8,0x0000000779900000)
  to   space 14336K, 0% used [0x0000000777d00000,0x0000000777d00000,0x0000000778b00000)
 ParOldGen       total 74240K, used 18124K [0x00000006c0000000, 0x00000006c4880000, 0x000000076ab00000)
  object space 74240K, 24% used [0x00000006c0000000,0x00000006c11b3238,0x00000006c4880000)
 Metaspace       used 46214K, capacity 47424K, committed 47488K, reserved 1089536K
  class space    used 6151K, capacity 6465K, committed 6528K, reserved 1048576K

Card table byte_map: [0x0000000012130000,0x0000000012940000] byte_map_base: 0x000000000eb30000

Marking Bits: (ParMarkBitMap*) 0x000000005f889f30
 Begin Bits: [0x00000000136a0000, 0x00000000176a0000)
 End Bits:   [0x00000000176a0000, 0x000000001b6a0000)

Polling page: 0x0000000000f30000

CodeCache: size=245760Kb used=14103Kb max_used=14117Kb free=231656Kb
 bounds [0x0000000002d70000, 0x0000000003b50000, 0x0000000011d70000]
 total_blobs=4881 nmethods=4107 adapters=686
 compilation: enabled

Compilation events (10 events):
Event: 25.393 Thread 0x000000001e746800 4467       3       java.math.BigInteger::bitLengthForInt (8 bytes)
Event: 25.393 Thread 0x000000001e746800 nmethod 4467 0x0000000003b33bd0 code [0x0000000003b33d40, 0x0000000003b33ea8]
Event: 25.393 Thread 0x000000001e746800 4468       3       java.math.BigInteger::squareToLen (33 bytes)
Event: 25.393 Thread 0x000000001e746800 nmethod 4468 0x0000000003b33690 code [0x0000000003b33800, 0x0000000003b33ad8]
Event: 25.393 Thread 0x000000001e746800 4469       3       java.math.BigInteger::implSquareToLenChecks (198 bytes)
Event: 25.395 Thread 0x000000001e746800 nmethod 4469 0x0000000003b3c450 code [0x0000000003b3c8c0, 0x0000000003b3f318]
Event: 25.395 Thread 0x000000001e746800 4471       3       java.math.MutableBigInteger::normalize (91 bytes)
Event: 25.395 Thread 0x000000001e6e7800 nmethod 4465 0x0000000003b33150 code [0x0000000003b332a0, 0x0000000003b334f8]
Event: 25.395 Thread 0x000000001e6e7800 4470 %     4       java.math.BigInteger::multiplyToLen @ 135 (216 bytes)
Event: 25.395 Thread 0x000000001e746800 nmethod 4471 0x0000000003b41990 code [0x0000000003b41b00, 0x0000000003b41e70]

GC Heap History (10 events):
Event: 13.616 GC heap before
{Heap before GC invocations=6 (full 1):
 PSYoungGen      total 68608K, used 5097K [0x000000076ab00000, 0x0000000773f00000, 0x00000007c0000000)
  eden space 63488K, 0% used [0x000000076ab00000,0x000000076ab00000,0x000000076e900000)
  from space 5120K, 99% used [0x000000076e900000,0x000000076edfa640,0x000000076ee00000)
  to   space 12288K, 0% used [0x0000000773300000,0x0000000773300000,0x0000000773f00000)
 ParOldGen       total 84992K, used 12410K [0x00000006c0000000, 0x00000006c5300000, 0x000000076ab00000)
  object space 84992K, 14% used [0x00000006c0000000,0x00000006c0c1e9e8,0x00000006c5300000)
 Metaspace       used 20732K, capacity 21224K, committed 21296K, reserved 1067008K
  class space    used 2988K, capacity 3141K, committed 3200K, reserved 1048576K
Event: 13.644 GC heap after
Heap after GC invocations=6 (full 1):
 PSYoungGen      total 68608K, used 0K [0x000000076ab00000, 0x0000000773f00000, 0x00000007c0000000)
  eden space 63488K, 0% used [0x000000076ab00000,0x000000076ab00000,0x000000076e900000)
  from space 5120K, 0% used [0x000000076e900000,0x000000076e900000,0x000000076ee00000)
  to   space 12288K, 0% used [0x0000000773300000,0x0000000773300000,0x0000000773f00000)
 ParOldGen       total 51712K, used 8823K [0x00000006c0000000, 0x00000006c3280000, 0x000000076ab00000)
  object space 51712K, 17% used [0x00000006c0000000,0x00000006c089ddb8,0x00000006c3280000)
 Metaspace       used 20732K, capacity 21224K, committed 21296K, reserved 1067008K
  class space    used 2988K, capacity 3141K, committed 3200K, reserved 1048576K
}
Event: 14.271 GC heap before
{Heap before GC invocations=7 (full 1):
 PSYoungGen      total 68608K, used 63488K [0x000000076ab00000, 0x0000000773f00000, 0x00000007c0000000)
  eden space 63488K, 100% used [0x000000076ab00000,0x000000076e900000,0x000000076e900000)
  from space 5120K, 0% used [0x000000076e900000,0x000000076e900000,0x000000076ee00000)
  to   space 12288K, 0% used [0x0000000773300000,0x0000000773300000,0x0000000773f00000)
 ParOldGen       total 51712K, used 8823K [0x00000006c0000000, 0x00000006c3280000, 0x000000076ab00000)
  object space 51712K, 17% used [0x00000006c0000000,0x00000006c089ddb8,0x00000006c3280000)
 Metaspace       used 28356K, capacity 28906K, committed 29184K, reserved 1075200K
  class space    used 3858K, capacity 4014K, committed 4096K, reserved 1048576K
Event: 14.278 GC heap after
Heap after GC invocations=7 (full 1):
 PSYoungGen      total 126464K, used 7492K [0x000000076ab00000, 0x0000000773a80000, 0x00000007c0000000)
  eden space 118784K, 0% used [0x000000076ab00000,0x000000076ab00000,0x0000000771f00000)
  from space 7680K, 97% used [0x0000000773300000,0x0000000773a51020,0x0000000773a80000)
  to   space 11776K, 0% used [0x0000000772380000,0x0000000772380000,0x0000000772f00000)
 ParOldGen       total 51712K, used 8831K [0x00000006c0000000, 0x00000006c3280000, 0x000000076ab00000)
  object space 51712K, 17% used [0x00000006c0000000,0x00000006c089fdb8,0x00000006c3280000)
 Metaspace       used 28356K, capacity 28906K, committed 29184K, reserved 1075200K
  class space    used 3858K, capacity 4014K, committed 4096K, reserved 1048576K
}
Event: 22.402 GC heap before
{Heap before GC invocations=8 (full 1):
 PSYoungGen      total 126464K, used 88154K [0x000000076ab00000, 0x0000000773a80000, 0x00000007c0000000)
  eden space 118784K, 67% used [0x000000076ab00000,0x000000076f9c58d0,0x0000000771f00000)
  from space 7680K, 97% used [0x0000000773300000,0x0000000773a51020,0x0000000773a80000)
  to   space 11776K, 0% used [0x0000000772380000,0x0000000772380000,0x0000000772f00000)
 ParOldGen       total 51712K, used 8831K [0x00000006c0000000, 0x00000006c3280000, 0x000000076ab00000)
  object space 51712K, 17% used [0x00000006c0000000,0x00000006c089fdb8,0x00000006c3280000)
 Metaspace       used 34613K, capacity 35410K, committed 35496K, reserved 1079296K
  class space    used 4558K, capacity 4780K, committed 4864K, reserved 1048576K
Event: 22.418 GC heap after
Heap after GC invocations=8 (full 1):
 PSYoungGen      total 135168K, used 11338K [0x000000076ab00000, 0x0000000779a80000, 0x00000007c0000000)
  eden space 123392K, 0% used [0x000000076ab00000,0x000000076ab00000,0x0000000772380000)
  from space 11776K, 96% used [0x0000000772380000,0x0000000772e92a00,0x0000000772f00000)
  to   space 13312K, 0% used [0x0000000778d80000,0x0000000778d80000,0x0000000779a80000)
 ParOldGen       total 51712K, used 8839K [0x00000006c0000000, 0x00000006c3280000, 0x000000076ab00000)
  object space 51712K, 17% used [0x00000006c0000000,0x00000006c08a1db8,0x00000006c3280000)
 Metaspace       used 34613K, capacity 35410K, committed 35496K, reserved 1079296K
  class space    used 4558K, capacity 4780K, committed 4864K, reserved 1048576K
}
Event: 22.418 GC heap before
{Heap before GC invocations=9 (full 2):
 PSYoungGen      total 135168K, used 11338K [0x000000076ab00000, 0x0000000779a80000, 0x00000007c0000000)
  eden space 123392K, 0% used [0x000000076ab00000,0x000000076ab00000,0x0000000772380000)
  from space 11776K, 96% used [0x0000000772380000,0x0000000772e92a00,0x0000000772f00000)
  to   space 13312K, 0% used [0x0000000778d80000,0x0000000778d80000,0x0000000779a80000)
 ParOldGen       total 51712K, used 8839K [0x00000006c0000000, 0x00000006c3280000, 0x000000076ab00000)
  object space 51712K, 17% used [0x00000006c0000000,0x00000006c08a1db8,0x00000006c3280000)
 Metaspace       used 34613K, capacity 35410K, committed 35496K, reserved 1079296K
  class space    used 4558K, capacity 4780K, committed 4864K, reserved 1048576K
Event: 22.513 GC heap after
Heap after GC invocations=9 (full 2):
 PSYoungGen      total 135168K, used 0K [0x000000076ab00000, 0x0000000779a80000, 0x00000007c0000000)
  eden space 123392K, 0% used [0x000000076ab00000,0x000000076ab00000,0x0000000772380000)
  from space 11776K, 0% used [0x0000000772380000,0x0000000772380000,0x0000000772f00000)
  to   space 13312K, 0% used [0x0000000778d80000,0x0000000778d80000,0x0000000779a80000)
 ParOldGen       total 74240K, used 18116K [0x00000006c0000000, 0x00000006c4880000, 0x000000076ab00000)
  object space 74240K, 24% used [0x00000006c0000000,0x00000006c11b1238,0x00000006c4880000)
 Metaspace       used 34601K, capacity 35394K, committed 35496K, reserved 1079296K
  class space    used 4554K, capacity 4776K, committed 4864K, reserved 1048576K
}
Event: 24.905 GC heap before
{Heap before GC invocations=10 (full 2):
 PSYoungGen      total 135168K, used 123392K [0x000000076ab00000, 0x0000000779a80000, 0x00000007c0000000)
  eden space 123392K, 100% used [0x000000076ab00000,0x0000000772380000,0x0000000772380000)
  from space 11776K, 0% used [0x0000000772380000,0x0000000772380000,0x0000000772f00000)
  to   space 13312K, 0% used [0x0000000778d80000,0x0000000778d80000,0x0000000779a80000)
 ParOldGen       total 74240K, used 18116K [0x00000006c0000000, 0x00000006c4880000, 0x000000076ab00000)
  object space 74240K, 24% used [0x00000006c0000000,0x00000006c11b1238,0x00000006c4880000)
 Metaspace       used 41998K, capacity 43162K, committed 43392K, reserved 1087488K
  class space    used 5639K, capacity 5934K, committed 6016K, reserved 1048576K
Event: 24.916 GC heap after
Heap after GC invocations=10 (full 2):
 PSYoungGen      total 207872K, used 11472K [0x000000076ab00000, 0x0000000779900000, 0x00000007c0000000)
  eden space 196096K, 0% used [0x000000076ab00000,0x000000076ab00000,0x0000000776a80000)
  from space 11776K, 97% used [0x0000000778d80000,0x00000007798b42c8,0x0000000779900000)
  to   space 14336K, 0% used [0x0000000777d00000,0x0000000777d00000,0x0000000778b00000)
 ParOldGen       total 74240K, used 18124K [0x00000006c0000000, 0x00000006c4880000, 0x000000076ab00000)
  object space 74240K, 24% used [0x00000006c0000000,0x00000006c11b3238,0x00000006c4880000)
 Metaspace       used 41998K, capacity 43162K, committed 43392K, reserved 1087488K
  class space    used 5639K, capacity 5934K, committed 6016K, reserved 1048576K
}

Deoptimization events (10 events):
Event: 25.281 Thread 0x000000001fb00000 Uncommon trap: reason=speculate_class_check action=maybe_recompile pc=0x0000000003b0a194 method=java.util.HashMap.putVal(ILjava/lang/Object;Ljava/lang/Object;ZZ)Ljava/lang/Object; @ 56
Event: 25.281 Thread 0x000000001fb00000 Uncommon trap: reason=speculate_class_check action=maybe_recompile pc=0x0000000003b0a194 method=java.util.HashMap.putVal(ILjava/lang/Object;Ljava/lang/Object;ZZ)Ljava/lang/Object; @ 56
Event: 25.307 Thread 0x000000001fb00000 Uncommon trap: reason=unstable_if action=reinterpret pc=0x0000000003298e7c method=java.lang.CharacterDataLatin1.isWhitespace(I)Z @ 14
Event: 25.342 Thread 0x000000001fb00000 Uncommon trap: reason=unstable_if action=reinterpret pc=0x00000000032ae084 method=java.util.jar.JarFile.maybeInstantiateVerifier()V @ 4
Event: 25.344 Thread 0x000000001fb00000 Uncommon trap: reason=unstable_if action=reinterpret pc=0x0000000003816aac method=java.util.jar.JarFile.maybeInstantiateVerifier()V @ 4
Event: 25.344 Thread 0x000000001fb00000 Uncommon trap: reason=unstable_if action=reinterpret pc=0x00000000037e44b4 method=java.security.CodeSource.<init>(Ljava/net/URL;[Ljava/security/CodeSigner;)V @ 25
Event: 25.346 Thread 0x000000001fb00000 Uncommon trap: reason=unstable_if action=reinterpret pc=0x000000000332afac method=java.security.CodeSource.getCertificates()[Ljava/security/cert/Certificate; @ 22
Event: 25.347 Thread 0x000000001fb00000 Uncommon trap: reason=unstable_if action=reinterpret pc=0x0000000003749d6c method=java.util.jar.JarFile.maybeInstantiateVerifier()V @ 4
Event: 25.349 Thread 0x000000001fb00000 Uncommon trap: reason=unstable_if action=reinterpret pc=0x0000000002f75980 method=java.security.CodeSource.matchCerts(Ljava/security/CodeSource;Z)Z @ 11
Event: 25.382 Thread 0x000000001fb00000 Uncommon trap: reason=unstable_if action=reinterpret pc=0x000000000389b714 method=java.util.LinkedHashMap.get(Ljava/lang/Object;)Ljava/lang/Object; @ 20

Classes redefined (0 events):
No events

Internal exceptions (10 events):
Event: 24.622 Thread 0x000000001fb00000 Exception <a 'java/lang/ClassNotFoundException': org/gradle/api/internal/artifacts/repositories/AbstractResolutionAwareArtifactRepositoryBeanInfo> (0x0000000770fcdb08) thrown at [D:\src\AOSP-openjdk-cygwin\jdk8u\hotspot\src\share\vm\classfile\systemDictio
Event: 24.623 Thread 0x000000001fb00000 Exception <a 'java/lang/ClassNotFoundException': org/gradle/api/internal/artifacts/repositories/AbstractArtifactRepositoryBeanInfo> (0x0000000771034170) thrown at [D:\src\AOSP-openjdk-cygwin\jdk8u\hotspot\src\share\vm\classfile\systemDictionary.cpp, line 
Event: 24.624 Thread 0x000000001fb00000 Exception <a 'java/lang/ClassNotFoundException': org/gradle/api/internal/artifacts/repositories/AbstractArtifactRepositoryCustomizer> (0x000000077109e0d0) thrown at [D:\src\AOSP-openjdk-cygwin\jdk8u\hotspot\src\share\vm\classfile\systemDictionary.cpp, lin
Event: 24.626 Thread 0x000000001fb00000 Exception <a 'java/lang/ClassNotFoundException': org/gradle/api/internal/artifacts/repositories/AbstractResolutionAwareArtifactRepositoryCustomizer> (0x0000000771135820) thrown at [D:\src\AOSP-openjdk-cygwin\jdk8u\hotspot\src\share\vm\classfile\systemDict
Event: 24.627 Thread 0x000000001fb00000 Exception <a 'java/lang/ClassNotFoundException': org/gradle/api/internal/artifacts/repositories/DefaultFlatDirArtifactRepositoryCustomizer> (0x00000007711ad868) thrown at [D:\src\AOSP-openjdk-cygwin\jdk8u\hotspot\src\share\vm\classfile\systemDictionary.cp
Event: 24.629 Thread 0x000000001fb00000 Exception <a 'java/lang/ClassNotFoundException': org/gradle/api/internal/artifacts/repositories/DefaultFlatDirArtifactRepository_DecoratedCustomizer> (0x00000007712364d0) thrown at [D:\src\AOSP-openjdk-cygwin\jdk8u\hotspot\src\share\vm\classfile\systemDic
Event: 24.761 Thread 0x000000001fb00000 Implicit null exception at 0x00000000038cd442 to 0x00000000038cd58d
Event: 24.895 Thread 0x000000001fb00000 Exception <a 'sun/nio/fs/WindowsException'> (0x0000000772297b38) thrown at [D:\src\AOSP-openjdk-cygwin\jdk8u\hotspot\src\share\vm\prims\jni.cpp, line 710]
Event: 25.083 Thread 0x000000001fb00000 Exception <a 'sun/nio/fs/WindowsException'> (0x000000076b871c48) thrown at [D:\src\AOSP-openjdk-cygwin\jdk8u\hotspot\src\share\vm\prims\jni.cpp, line 710]
Event: 25.273 Thread 0x000000001fb00000 Implicit null exception at 0x00000000038d8ce8 to 0x00000000038d8e31

Events (10 events):
Event: 25.397 Thread 0x000000001fb00000 DEOPT PACKING pc=0x0000000003b1f8ad sp=0x0000000022856960
Event: 25.397 Thread 0x000000001fb00000 DEOPT UNPACKING pc=0x0000000002db75d0 sp=0x00000000228566a0 mode 0
Event: 25.397 Thread 0x000000001fb00000 DEOPT PACKING pc=0x0000000003b1f8ad sp=0x0000000022856960
Event: 25.397 Thread 0x000000001fb00000 DEOPT UNPACKING pc=0x0000000002db75d0 sp=0x00000000228566a0 mode 0
Event: 25.398 Thread 0x000000001fb00000 DEOPT PACKING pc=0x0000000003b1f8ad sp=0x0000000022856960
Event: 25.398 Thread 0x000000001fb00000 DEOPT UNPACKING pc=0x0000000002db75d0 sp=0x00000000228566a0 mode 0
Event: 25.401 Thread 0x000000001fb00000 DEOPT PACKING pc=0x0000000003b1f8ad sp=0x0000000022856960
Event: 25.401 Thread 0x000000001fb00000 DEOPT UNPACKING pc=0x0000000002db75d0 sp=0x00000000228566a0 mode 0
Event: 25.401 Thread 0x000000001fb00000 DEOPT PACKING pc=0x0000000003b1f8ad sp=0x0000000022856960
Event: 25.401 Thread 0x000000001fb00000 DEOPT UNPACKING pc=0x0000000002db75d0 sp=0x00000000228566a0 mode 0


Dynamic libraries:
0x00007ff6df3a0000 - 0x00007ff6df3d1000 	C:\Program Files\Android\Android Studio\jre\bin\java.exe
0x00007fffdb860000 - 0x00007fffdba50000 	C:\WINDOWS\SYSTEM32\ntdll.dll
0x00007fffd9b00000 - 0x00007fffd9bb2000 	C:\WINDOWS\System32\KERNEL32.DLL
0x00007fffd87f0000 - 0x00007fffd8a93000 	C:\WINDOWS\System32\KERNELBASE.dll
0x00007fffdaf00000 - 0x00007fffdafa3000 	C:\WINDOWS\System32\ADVAPI32.dll
0x00007fffdac90000 - 0x00007fffdad2e000 	C:\WINDOWS\System32\msvcrt.dll
0x00007fffd9910000 - 0x00007fffd99a7000 	C:\WINDOWS\System32\sechost.dll
0x00007fffdab70000 - 0x00007fffdac90000 	C:\WINDOWS\System32\RPCRT4.dll
0x00007fffda500000 - 0x00007fffda694000 	C:\WINDOWS\System32\USER32.dll
0x00007fffd8aa0000 - 0x00007fffd8ac1000 	C:\WINDOWS\System32\win32u.dll
0x00007fffda6a0000 - 0x00007fffda6c6000 	C:\WINDOWS\System32\GDI32.dll
0x00007fffd9360000 - 0x00007fffd94f4000 	C:\WINDOWS\System32\gdi32full.dll
0x00007fffd9770000 - 0x00007fffd980e000 	C:\WINDOWS\System32\msvcp_win.dll
0x00007fffd9810000 - 0x00007fffd990a000 	C:\WINDOWS\System32\ucrtbase.dll
0x00007fffcc000000 - 0x00007fffcc285000 	C:\WINDOWS\WinSxS\amd64_microsoft.windows.common-controls_6595b64144ccf1df_6.0.18362.778_none_e6c6b761130d4fb8\COMCTL32.dll
0x00007fffda800000 - 0x00007fffdab36000 	C:\WINDOWS\System32\combase.dll
0x00007fffd92e0000 - 0x00007fffd9360000 	C:\WINDOWS\System32\bcryptPrimitives.dll
0x00007fffdab40000 - 0x00007fffdab6e000 	C:\WINDOWS\System32\IMM32.DLL
0x000000005e320000 - 0x000000005e3f2000 	C:\Program Files\Android\Android Studio\jre\jre\bin\msvcr100.dll
0x000000005f0c0000 - 0x000000005f906000 	C:\Program Files\Android\Android Studio\jre\jre\bin\server\jvm.dll
0x00007fffdad30000 - 0x00007fffdad38000 	C:\WINDOWS\System32\PSAPI.DLL
0x00007fffc61e0000 - 0x00007fffc61e9000 	C:\WINDOWS\SYSTEM32\WSOCK32.dll
0x00007fffdb7b0000 - 0x00007fffdb81f000 	C:\WINDOWS\System32\WS2_32.dll
0x00007fffd6250000 - 0x00007fffd6274000 	C:\WINDOWS\SYSTEM32\WINMM.dll
0x00007fffcebf0000 - 0x00007fffcebfa000 	C:\WINDOWS\SYSTEM32\VERSION.dll
0x00007fffd6220000 - 0x00007fffd624d000 	C:\WINDOWS\SYSTEM32\winmmbase.dll
0x00007fffd9500000 - 0x00007fffd954a000 	C:\WINDOWS\System32\cfgmgr32.dll
0x00007fffd3000000 - 0x00007fffd300f000 	C:\Program Files\Android\Android Studio\jre\jre\bin\verify.dll
0x00007fffcda60000 - 0x00007fffcda89000 	C:\Program Files\Android\Android Studio\jre\jre\bin\java.dll
0x00007fffd2e00000 - 0x00007fffd2e16000 	C:\Program Files\Android\Android Studio\jre\jre\bin\zip.dll
0x00007fffdafb0000 - 0x00007fffdb695000 	C:\WINDOWS\System32\SHELL32.dll
0x00007fffdb6a0000 - 0x00007fffdb749000 	C:\WINDOWS\System32\shcore.dll
0x00007fffd8b60000 - 0x00007fffd92e0000 	C:\WINDOWS\System32\windows.storage.dll
0x00007fffd87a0000 - 0x00007fffd87c3000 	C:\WINDOWS\System32\profapi.dll
0x00007fffd8750000 - 0x00007fffd879a000 	C:\WINDOWS\System32\powrprof.dll
0x00007fffd8720000 - 0x00007fffd8730000 	C:\WINDOWS\System32\UMPDC.dll
0x00007fffd9bc0000 - 0x00007fffd9c12000 	C:\WINDOWS\System32\shlwapi.dll
0x00007fffd8730000 - 0x00007fffd8741000 	C:\WINDOWS\System32\kernel.appcore.dll
0x00007fffd9750000 - 0x00007fffd9767000 	C:\WINDOWS\System32\cryptsp.dll
0x00007fffd1b00000 - 0x00007fffd1b1a000 	C:\Program Files\Android\Android Studio\jre\jre\bin\net.dll
0x00007fffca870000 - 0x00007fffcaa45000 	C:\WINDOWS\SYSTEM32\urlmon.dll
0x00007fffcafd0000 - 0x00007fffcb276000 	C:\WINDOWS\SYSTEM32\iertutil.dll
0x00007fffd8160000 - 0x00007fffd816c000 	C:\WINDOWS\SYSTEM32\CRYPTBASE.DLL
0x00007fffd7f90000 - 0x00007fffd7ff7000 	C:\WINDOWS\system32\mswsock.dll
0x00007fffcda40000 - 0x00007fffcda53000 	C:\Program Files\Android\Android Studio\jre\jre\bin\nio.dll
0x00007fffc1e30000 - 0x00007fffc1e56000 	C:\Users\mhbae\.gradle\native\30\windows-amd64\native-platform.dll
0x00007fffd2ff0000 - 0x00007fffd2ffd000 	C:\Program Files\Android\Android Studio\jre\jre\bin\management.dll
0x00007fffd7b00000 - 0x00007fffd7b33000 	C:\WINDOWS\system32\rsaenh.dll
0x00007fffd8ad0000 - 0x00007fffd8af6000 	C:\WINDOWS\System32\bcrypt.dll
0x00007fffd8640000 - 0x00007fffd8665000 	C:\WINDOWS\SYSTEM32\USERENV.dll
0x00007fffd7ca0000 - 0x00007fffd7cda000 	C:\WINDOWS\SYSTEM32\IPHLPAPI.DLL
0x00007fffda780000 - 0x00007fffda788000 	C:\WINDOWS\System32\NSI.dll
0x00007fffcfdd0000 - 0x00007fffcfde6000 	C:\WINDOWS\SYSTEM32\dhcpcsvc6.DLL
0x00007fffcfdb0000 - 0x00007fffcfdcc000 	C:\WINDOWS\SYSTEM32\dhcpcsvc.DLL
0x00007fffd7ce0000 - 0x00007fffd7daa000 	C:\WINDOWS\SYSTEM32\DNSAPI.dll

VM Arguments:
jvm_args: -Xmx4096M -Dfile.encoding=x-windows-949 -Duser.country=KR -Duser.language=ko -Duser.variant 
java_command: org.gradle.launcher.daemon.bootstrap.GradleDaemon 5.6.4
java_class_path (initial): C:\Users\mhbae\.gradle\wrapper\dists\gradle-5.6.4-all\ankdp27end7byghfw1q2sw75f\gradle-5.6.4\lib\gradle-launcher-5.6.4.jar
Launcher Type: SUN_STANDARD

Environment Variables:
JAVA_HOME=C:\Program Files\Java\jdk1.8.0_171
PATH=C:\app\Oracle\product\11.2.0\dbhome_1\bin;C:\app\명환이\product\11.2.0\dbhome_2\bin;C:\app\mh\product\11.2.0\dbhome_1\bin;C:\app\명환이\product\11.2.0\dbhome_1\bin;"C:\Program Files\Java\jdk1.8.0_171\bin;C:\Program Files (x86)\Common Files\Oracle\Java\javapath";C:\Program Files (x86)\Intel\iCLS Client\;C:\Program Files\Intel\iCLS Client\;C:\Windows\system32;C:\Windows;C:\Windows\System32\Wbem;C:\Windows\System32\WindowsPowerShell\v1.0\;C:\Windows\System32\OpenSSH\;C:\Program Files (x86)\NVIDIA Corporation\PhysX\Common;C:\Program Files (x86)\Intel\Intel(R) Management Engine Components\DAL;C:\Program Files\Intel\Intel(R) Management Engine Components\DAL;C:\Program Files (x86)\Intel\Intel(R) Management Engine Components\IPT;C:\Program Files\Intel\Intel(R) Management Engine Components\IPT;C:\Program Files\Java\jre1.8.0_171\bin;C:\WINDOWS\system32;C:\WINDOWS;C:\WINDOWS\System32\Wbem;C:\WINDOWS\System32\WindowsPowerShell\v1.0\;C:\WINDOWS\System32\OpenSSH\;C:\Program Files (x86)\PuTTY\;C:\opencv\build\x64\vc15\bin;C:\Users\mhbae\AppData\Local\Programs\Python\Python38-32\Scripts\;C:\Users\mhbae\AppData\Local\Programs\Python\Python38-32\;C:\Users\mhbae\AppData\Local\Microsoft\WindowsApps;C:\Windows\System32;C:\Program Files\JetBrains\PyCharm Community Edition 2020.1\bin
USERNAME=mhbae
OS=Windows_NT
PROCESSOR_IDENTIFIER=Intel64 Family 6 Model 158 Stepping 9, GenuineIntel



---------------  S Y S T E M  ---------------

OS: Windows 10.0 , 64 bit Build 18362 (10.0.18362.778)

CPU:total 8 (initial active 8) (4 cores per cpu, 2 threads per core) family 6 model 158 stepping 9, cmov, cx8, fxsr, mmx, sse, sse2, sse3, ssse3, sse4.1, sse4.2, popcnt, avx, avx2, aes, clmul, erms, 3dnowpref, lzcnt, ht, tsc, tscinvbit, bmi1, bmi2, adx

Memory: 4k page, physical 8062744k(173400k free), swap 33228568k(5356k free)

vm_info: OpenJDK 64-Bit Server VM (25.212-b04) for windows-amd64 JRE (1.8.0_212-release-1586-b04), built by "builder" with MS VC++ 10.0 (VS2010)

time: Sun May 17 11:51:23 2020
timezone: 대한민국 표준시
elapsed time: 25 seconds (0d 0h 0m 25s)

