#
# There is insufficient memory for the Java Runtime Environment to continue.
# Native memory allocation (malloc) failed to allocate 1606656 bytes for Chunk::new
# Possible reasons:
#   The system is out of physical RAM or swap space
#   The process is running with CompressedOops enabled, and the Java Heap may be blocking the growth of the native heap
# Possible solutions:
#   Reduce memory load on the system
#   Increase physical memory or swap space
#   Check if swap backing store is full
#   Decrease Java heap size (-Xmx/-Xms)
#   Decrease number of Java threads
#   Decrease Java thread stack sizes (-Xss)
#   Set larger code cache with -XX:ReservedCodeCacheSize=
#   JVM is running with Unscaled Compressed Oops mode in which the Java heap is
#     placed in the first 4GB address space. The Java Heap base address is the
#     maximum limit for the native heap growth. Please use -XX:HeapBaseMinAddress
#     to set the Java Heap base and to place the Java Heap above 4GB virtual address.
# This output file may be truncated or incomplete.
#
#  Out of Memory Error (allocation.cpp:389), pid=1764, tid=0x0000000000004fc8
#
# JRE version: OpenJDK Runtime Environment (8.0_212-b04) (build 1.8.0_212-release-1586-b04)
# Java VM: OpenJDK 64-Bit Server VM (25.212-b04 mixed mode windows-amd64 compressed oops)
# Failed to write core dump. Minidumps are not enabled by default on client versions of Windows
#

---------------  T H R E A D  ---------------

Current thread (0x0000000019362000):  JavaThread "C2 CompilerThread1" daemon [_thread_in_native, id=20424, stack(0x0000000019bd0000,0x0000000019cd0000)]

Stack: [0x0000000019bd0000,0x0000000019cd0000]
[error occurred during error reporting (printing stack bounds), id 0xc0000005]

Native frames: (J=compiled Java code, j=interpreted, Vv=VM code, C=native code)


Current CompileTask:
C2:  14038 5569       4       sun.reflect.generics.parser.SignatureParser::parseFieldTypeSignature (73 bytes)


---------------  P R O C E S S  ---------------

Java Threads: ( => current thread )
  0x0000000022edb800 JavaThread "Memory manager" [_thread_blocked, id=9660, stack(0x0000000026630000,0x0000000026730000)]
  0x0000000022ece000 JavaThread "Cache worker for Build Output Cleanup Cache (C:\Users\mhbae\AndroidStudioProjects\Project\.gradle\buildOutputCleanup)" [_thread_blocked, id=10268, stack(0x00000000259c0000,0x0000000025ac0000)]
  0x0000000022ed5000 JavaThread "pool-1-thread-1" [_thread_blocked, id=21524, stack(0x0000000025290000,0x0000000025390000)]
  0x0000000022ecd800 JavaThread "Build operations Thread 8" [_thread_blocked, id=18556, stack(0x0000000024b90000,0x0000000024c90000)]
  0x0000000022ed1000 JavaThread "Build operations Thread 7" [_thread_blocked, id=21988, stack(0x0000000024a90000,0x0000000024b90000)]
  0x0000000022ed2800 JavaThread "Build operations Thread 6" [_thread_blocked, id=7756, stack(0x0000000024990000,0x0000000024a90000)]
  0x0000000022ed0800 JavaThread "Build operations Thread 5" [_thread_blocked, id=912, stack(0x0000000024890000,0x0000000024990000)]
  0x0000000022ed2000 JavaThread "Build operations Thread 4" [_thread_blocked, id=16484, stack(0x0000000023700000,0x0000000023800000)]
  0x0000000022ed4000 JavaThread "Build operations Thread 3" [_thread_blocked, id=22196, stack(0x0000000023600000,0x0000000023700000)]
  0x0000000022ecf000 JavaThread "Build operations Thread 2" [_thread_blocked, id=932, stack(0x0000000023500000,0x0000000023600000)]
  0x0000000022ecf800 JavaThread "Build operations" [_thread_blocked, id=7848, stack(0x0000000023400000,0x0000000023500000)]
  0x000000001ac83800 JavaThread "Cache worker for execution history cache (C:\Users\mhbae\.gradle\caches\5.6.4\executionHistory)" [_thread_blocked, id=5992, stack(0x0000000021b30000,0x0000000021c30000)]
  0x000000001ac82000 JavaThread "Cache worker for cache directory md-rule (C:\Users\mhbae\.gradle\caches\5.6.4\md-rule)" [_thread_blocked, id=14828, stack(0x0000000020390000,0x0000000020490000)]
  0x000000001ac81000 JavaThread "Cache worker for cache directory md-supplier (C:\Users\mhbae\.gradle\caches\5.6.4\md-supplier)" [_thread_blocked, id=4036, stack(0x00000000200f0000,0x00000000201f0000)]
  0x000000001ac85000 JavaThread "Cache worker for file hash cache (C:\Users\mhbae\AndroidStudioProjects\Project\.gradle\5.6.4\fileHashes)" [_thread_blocked, id=19252, stack(0x0000000020290000,0x0000000020390000)]
  0x000000001ac84000 JavaThread "Cache worker for journal cache (C:\Users\mhbae\.gradle\caches\journal-1)" [_thread_blocked, id=13092, stack(0x000000001dc50000,0x000000001dd50000)]
  0x000000001ac82800 JavaThread "File lock request listener" [_thread_in_native, id=15944, stack(0x000000001db50000,0x000000001dc50000)]
  0x000000001a3cc000 JavaThread "Cache worker for file hash cache (C:\Users\mhbae\.gradle\caches\5.6.4\fileHashes)" [_thread_blocked, id=15188, stack(0x000000001da50000,0x000000001db50000)]
  0x000000001bf1a000 JavaThread "Thread-9" [_thread_blocked, id=10708, stack(0x000000001d750000,0x000000001d850000)]
  0x000000001bf19800 JavaThread "Stdin handler" [_thread_blocked, id=240, stack(0x000000001d650000,0x000000001d750000)]
  0x000000001be7d800 JavaThread "Asynchronous log dispatcher for DefaultDaemonConnection: socket connection from /127.0.0.1:63461 to /127.0.0.1:63462" [_thread_blocked, id=22364, stack(0x000000001d450000,0x000000001d550000)]
  0x000000001be8d800 JavaThread "Daemon worker" [_thread_in_vm, id=3052, stack(0x000000001d350000,0x000000001d450000)]
  0x000000001beae000 JavaThread "Cancel handler" [_thread_blocked, id=19320, stack(0x000000001d250000,0x000000001d350000)]
  0x000000001be6c800 JavaThread "Handler for socket connection from /127.0.0.1:63461 to /127.0.0.1:63462" [_thread_in_native, id=22344, stack(0x000000001cf50000,0x000000001d050000)]
  0x000000001be5f800 JavaThread "Daemon" [_thread_blocked, id=20668, stack(0x000000001ce50000,0x000000001cf50000)]
  0x000000001bdef000 JavaThread "Daemon periodic checks" [_thread_blocked, id=22128, stack(0x000000001cd50000,0x000000001ce50000)]
  0x000000001bdf7800 JavaThread "Incoming local TCP Connector on port 63461" [_thread_in_native, id=5764, stack(0x000000001cb70000,0x000000001cc70000)]
  0x00000000195d9800 JavaThread "Daemon health stats" [_thread_blocked, id=22044, stack(0x000000001c870000,0x000000001c970000)]
  0x00000000193cf800 JavaThread "Service Thread" daemon [_thread_blocked, id=22524, stack(0x0000000019ed0000,0x0000000019fd0000)]
  0x0000000019371000 JavaThread "C1 CompilerThread3" daemon [_thread_blocked, id=19916, stack(0x0000000019dd0000,0x0000000019ed0000)]
  0x000000001936d800 JavaThread "C2 CompilerThread2" daemon [_thread_in_native, id=17112, stack(0x0000000019cd0000,0x0000000019dd0000)]
=>0x0000000019362000 JavaThread "C2 CompilerThread1" daemon [_thread_in_native, id=20424, stack(0x0000000019bd0000,0x0000000019cd0000)]
  0x000000001750b000 JavaThread "C2 CompilerThread0" daemon [_thread_in_native, id=18000, stack(0x0000000019ad0000,0x0000000019bd0000)]
  0x000000001930c800 JavaThread "Attach Listener" daemon [_thread_blocked, id=15456, stack(0x00000000199d0000,0x0000000019ad0000)]
  0x0000000019360000 JavaThread "Signal Dispatcher" daemon [_thread_blocked, id=2452, stack(0x00000000198d0000,0x00000000199d0000)]
  0x000000000373e000 JavaThread "Finalizer" daemon [_thread_blocked, id=21872, stack(0x00000000197d0000,0x00000000198d0000)]
  0x0000000003735000 JavaThread "Reference Handler" daemon [_thread_blocked, id=17980, stack(0x00000000196d0000,0x00000000197d0000)]
  0x0000000003642800 JavaThread "main" [_thread_blocked, id=11972, stack(0x0000000003460000,0x0000000003560000)]

Other Threads:
  0x00000000174f8000 VMThread [stack: 0x00000000191d0000,0x00000000192d0000] [id=11644]
  0x00000000193d0000 WatcherThread [stack: 0x0000000019fd0000,0x000000001a0d0000] [id=20736]

VM state:not at safepoint (normal execution)

VM Mutex/Monitor currently owned by a thread: None

heap address: 0x00000000a0000000, size: 1536 MB, Compressed Oops mode: 32-bit
Narrow klass base: 0x0000000000000000, Narrow klass shift: 3
Compressed class space size: 1073741824 Address: 0x0000000100000000

Heap:
 PSYoungGen      total 248832K, used 40465K [0x00000000e0000000, 0x00000000f0780000, 0x0000000100000000)
  eden space 235008K, 17% used [0x00000000e0000000,0x00000000e2784568,0x00000000ee580000)
  from space 13824K, 0% used [0x00000000efa00000,0x00000000efa00000,0x00000000f0780000)
  to   space 17408K, 0% used [0x00000000ee580000,0x00000000ee580000,0x00000000ef680000)
 ParOldGen       total 69120K, used 36118K [0x00000000a0000000, 0x00000000a4380000, 0x00000000e0000000)
  object space 69120K, 52% used [0x00000000a0000000,0x00000000a2345b60,0x00000000a4380000)
 Metaspace       used 58936K, capacity 60968K, committed 61080K, reserved 1101824K
  class space    used 8060K, capacity 8518K, committed 8616K, reserved 1048576K

Card table byte_map: [0x0000000012b00000,0x0000000012e10000] byte_map_base: 0x0000000012600000

Marking Bits: (ParMarkBitMap*) 0x0000000059979f30
 Begin Bits: [0x0000000013810000, 0x0000000015010000)
 End Bits:   [0x0000000015010000, 0x0000000016810000)

Polling page: 0x0000000000ff0000

CodeCache: size=245760Kb used=17810Kb max_used=17810Kb free=227949Kb
 bounds [0x0000000003740000, 0x00000000048c0000, 0x0000000012740000]
 total_blobs=6026 nmethods=5224 adapters=713
 compilation: enabled

Compilation events (10 events):
Event: 14.018 Thread 0x0000000019371000 5864       3       java.lang.Character::isLowerCase (5 bytes)
Event: 14.018 Thread 0x0000000019371000 nmethod 5864 0x00000000048ac190 code [0x00000000048ac340, 0x00000000048ac7b8]
Event: 14.018 Thread 0x0000000019371000 5865       3       java.lang.String::toUpperCase (8 bytes)
Event: 14.019 Thread 0x0000000019371000 nmethod 5865 0x00000000048ac990 code [0x00000000048acb00, 0x00000000048acd68]
Event: 14.021 Thread 0x0000000019371000 5866       1       org.gradle.api.internal.tasks.properties.annotations.AbstractInputFilePropertyAnnotationHandler::isPropertyRelevant (2 bytes)
Event: 14.021 Thread 0x0000000019371000 nmethod 5866 0x00000000048ace10 code [0x00000000048acf60, 0x00000000048ad070]
Event: 14.021 Thread 0x0000000019371000 5867       1       org.gradle.api.internal.tasks.properties.annotations.InputPropertyAnnotationHandler::isPropertyRelevant (2 bytes)
Event: 14.021 Thread 0x0000000019371000 nmethod 5867 0x00000000048ad0d0 code [0x00000000048ad220, 0x00000000048ad330]
Event: 14.022 Thread 0x0000000019371000 5868       3       java.lang.invoke.MethodHandles$Lookup::linkMethodHandleConstant (185 bytes)
Event: 14.023 Thread 0x0000000019371000 nmethod 5868 0x00000000048ad390 code [0x00000000048ad640, 0x00000000048aead8]

GC Heap History (10 events):
Event: 8.450 GC heap before
{Heap before GC invocations=11 (full 1):
 PSYoungGen      total 133120K, used 22181K [0x00000000e0000000, 0x00000000ebf00000, 0x0000000100000000)
  eden space 122368K, 9% used [0x00000000e0000000,0x00000000e0b2c090,0x00000000e7780000)
  from space 10752K, 99% used [0x00000000e7780000,0x00000000e81fd4a8,0x00000000e8200000)
  to   space 13312K, 0% used [0x00000000eb200000,0x00000000eb200000,0x00000000ebf00000)
 ParOldGen       total 49152K, used 10795K [0x00000000a0000000, 0x00000000a3000000, 0x00000000e0000000)
  object space 49152K, 21% used [0x00000000a0000000,0x00000000a0a8aea0,0x00000000a3000000)
 Metaspace       used 34649K, capacity 35462K, committed 35496K, reserved 1079296K
  class space    used 4773K, capacity 5030K, committed 5032K, reserved 1048576K
Event: 8.461 GC heap after
Heap after GC invocations=11 (full 1):
 PSYoungGen      total 182784K, used 6299K [0x00000000e0000000, 0x00000000ed100000, 0x0000000100000000)
  eden space 169472K, 0% used [0x00000000e0000000,0x00000000e0000000,0x00000000ea580000)
  from space 13312K, 47% used [0x00000000eb200000,0x00000000eb826cb8,0x00000000ebf00000)
  to   space 12800K, 0% used [0x00000000ea580000,0x00000000ea580000,0x00000000eb200000)
 ParOldGen       total 49152K, used 14103K [0x00000000a0000000, 0x00000000a3000000, 0x00000000e0000000)
  object space 49152K, 28% used [0x00000000a0000000,0x00000000a0dc5e80,0x00000000a3000000)
 Metaspace       used 34649K, capacity 35462K, committed 35496K, reserved 1079296K
  class space    used 4773K, capacity 5030K, committed 5032K, reserved 1048576K
}
Event: 8.461 GC heap before
{Heap before GC invocations=12 (full 2):
 PSYoungGen      total 182784K, used 6299K [0x00000000e0000000, 0x00000000ed100000, 0x0000000100000000)
  eden space 169472K, 0% used [0x00000000e0000000,0x00000000e0000000,0x00000000ea580000)
  from space 13312K, 47% used [0x00000000eb200000,0x00000000eb826cb8,0x00000000ebf00000)
  to   space 12800K, 0% used [0x00000000ea580000,0x00000000ea580000,0x00000000eb200000)
 ParOldGen       total 49152K, used 14103K [0x00000000a0000000, 0x00000000a3000000, 0x00000000e0000000)
  object space 49152K, 28% used [0x00000000a0000000,0x00000000a0dc5e80,0x00000000a3000000)
 Metaspace       used 34649K, capacity 35462K, committed 35496K, reserved 1079296K
  class space    used 4773K, capacity 5030K, committed 5032K, reserved 1048576K
Event: 8.517 GC heap after
Heap after GC invocations=12 (full 2):
 PSYoungGen      total 182784K, used 0K [0x00000000e0000000, 0x00000000ed100000, 0x0000000100000000)
  eden space 169472K, 0% used [0x00000000e0000000,0x00000000e0000000,0x00000000ea580000)
  from space 13312K, 0% used [0x00000000eb200000,0x00000000eb200000,0x00000000ebf00000)
  to   space 12800K, 0% used [0x00000000ea580000,0x00000000ea580000,0x00000000eb200000)
 ParOldGen       total 69120K, used 16928K [0x00000000a0000000, 0x00000000a4380000, 0x00000000e0000000)
  object space 69120K, 24% used [0x00000000a0000000,0x00000000a10882e0,0x00000000a4380000)
 Metaspace       used 34649K, capacity 35462K, committed 35496K, reserved 1079296K
  class space    used 4773K, capacity 5030K, committed 5032K, reserved 1048576K
}
Event: 11.503 GC heap before
{Heap before GC invocations=13 (full 2):
 PSYoungGen      total 182784K, used 169472K [0x00000000e0000000, 0x00000000ed100000, 0x0000000100000000)
  eden space 169472K, 100% used [0x00000000e0000000,0x00000000ea580000,0x00000000ea580000)
  from space 13312K, 0% used [0x00000000eb200000,0x00000000eb200000,0x00000000ebf00000)
  to   space 12800K, 0% used [0x00000000ea580000,0x00000000ea580000,0x00000000eb200000)
 ParOldGen       total 69120K, used 16928K [0x00000000a0000000, 0x00000000a4380000, 0x00000000e0000000)
  object space 69120K, 24% used [0x00000000a0000000,0x00000000a10882e0,0x00000000a4380000)
 Metaspace       used 51211K, capacity 52654K, committed 52904K, reserved 1095680K
  class space    used 6737K, capacity 7058K, committed 7080K, reserved 1048576K
Event: 11.521 GC heap after
Heap after GC invocations=13 (full 2):
 PSYoungGen      total 182272K, used 12785K [0x00000000e0000000, 0x00000000f0b00000, 0x0000000100000000)
  eden space 169472K, 0% used [0x00000000e0000000,0x00000000e0000000,0x00000000ea580000)
  from space 12800K, 99% used [0x00000000ea580000,0x00000000eb1fc750,0x00000000eb200000)
  to   space 17408K, 0% used [0x00000000efa00000,0x00000000efa00000,0x00000000f0b00000)
 ParOldGen       total 69120K, used 25139K [0x00000000a0000000, 0x00000000a4380000, 0x00000000e0000000)
  object space 69120K, 36% used [0x00000000a0000000,0x00000000a188cd58,0x00000000a4380000)
 Metaspace       used 51211K, capacity 52654K, committed 52904K, reserved 1095680K
  class space    used 6737K, capacity 7058K, committed 7080K, reserved 1048576K
}
Event: 12.947 GC heap before
{Heap before GC invocations=14 (full 2):
 PSYoungGen      total 182272K, used 129685K [0x00000000e0000000, 0x00000000f0b00000, 0x0000000100000000)
  eden space 169472K, 68% used [0x00000000e0000000,0x00000000e7228d10,0x00000000ea580000)
  from space 12800K, 99% used [0x00000000ea580000,0x00000000eb1fc750,0x00000000eb200000)
  to   space 17408K, 0% used [0x00000000efa00000,0x00000000efa00000,0x00000000f0b00000)
 ParOldGen       total 69120K, used 25139K [0x00000000a0000000, 0x00000000a4380000, 0x00000000e0000000)
  object space 69120K, 36% used [0x00000000a0000000,0x00000000a188cd58,0x00000000a4380000)
 Metaspace       used 57046K, capacity 59128K, committed 59160K, reserved 1099776K
  class space    used 7739K, capacity 8202K, committed 8232K, reserved 1048576K
Event: 12.965 GC heap after
Heap after GC invocations=14 (full 2):
 PSYoungGen      total 248832K, used 11148K [0x00000000e0000000, 0x00000000f0780000, 0x0000000100000000)
  eden space 235008K, 0% used [0x00000000e0000000,0x00000000e0000000,0x00000000ee580000)
  from space 13824K, 80% used [0x00000000efa00000,0x00000000f04e3110,0x00000000f0780000)
  to   space 17408K, 0% used [0x00000000ee580000,0x00000000ee580000,0x00000000ef680000)
 ParOldGen       total 69120K, used 35035K [0x00000000a0000000, 0x00000000a4380000, 0x00000000e0000000)
  object space 69120K, 50% used [0x00000000a0000000,0x00000000a2236f60,0x00000000a4380000)
 Metaspace       used 57046K, capacity 59128K, committed 59160K, reserved 1099776K
  class space    used 7739K, capacity 8202K, committed 8232K, reserved 1048576K
}
Event: 12.965 GC heap before
{Heap before GC invocations=15 (full 3):
 PSYoungGen      total 248832K, used 11148K [0x00000000e0000000, 0x00000000f0780000, 0x0000000100000000)
  eden space 235008K, 0% used [0x00000000e0000000,0x00000000e0000000,0x00000000ee580000)
  from space 13824K, 80% used [0x00000000efa00000,0x00000000f04e3110,0x00000000f0780000)
  to   space 17408K, 0% used [0x00000000ee580000,0x00000000ee580000,0x00000000ef680000)
 ParOldGen       total 69120K, used 35035K [0x00000000a0000000, 0x00000000a4380000, 0x00000000e0000000)
  object space 69120K, 50% used [0x00000000a0000000,0x00000000a2236f60,0x00000000a4380000)
 Metaspace       used 57046K, capacity 59128K, committed 59160K, reserved 1099776K
  class space    used 7739K, capacity 8202K, committed 8232K, reserved 1048576K
Event: 13.260 GC heap after
Heap after GC invocations=15 (full 3):
 PSYoungGen      total 248832K, used 0K [0x00000000e0000000, 0x00000000f0780000, 0x0000000100000000)
  eden space 235008K, 0% used [0x00000000e0000000,0x00000000e0000000,0x00000000ee580000)
  from space 13824K, 0% used [0x00000000efa00000,0x00000000efa00000,0x00000000f0780000)
  to   space 17408K, 0% used [0x00000000ee580000,0x00000000ee580000,0x00000000ef680000)
 ParOldGen       total 69120K, used 36118K [0x00000000a0000000, 0x00000000a4380000, 0x00000000e0000000)
  object space 69120K, 52% used [0x00000000a0000000,0x00000000a2345b60,0x00000000a4380000)
 Metaspace       used 57003K, capacity 58986K, committed 59160K, reserved 1099776K
  class space    used 7728K, capacity 8185K, committed 8232K, reserved 1048576K
}

Deoptimization events (10 events):
Event: 12.780 Thread 0x000000001be8d800 Uncommon trap: reason=unstable_if action=reinterpret pc=0x0000000003f16834 method=java.lang.String.lastIndexOf([CII[CIII)I @ 118
Event: 12.787 Thread 0x000000001be8d800 Uncommon trap: reason=unstable_if action=reinterpret pc=0x00000000047aa9fc method=org.objectweb.asm.AnnotationWriter.putAnnotations(Lorg/objectweb/asm/SymbolTable;Lorg/objectweb/asm/AnnotationWriter;Lorg/objectweb/asm/AnnotationWriter;Lorg/objectweb/asm/A
Event: 12.863 Thread 0x000000001be8d800 Uncommon trap: reason=unstable_if action=reinterpret pc=0x0000000003a2a548 method=java.util.HashMap.resize()[Ljava/util/HashMap$Node; @ 206
Event: 12.863 Thread 0x000000001be8d800 Uncommon trap: reason=unstable_if action=reinterpret pc=0x00000000044d9ac4 method=java.util.HashMap.putVal(ILjava/lang/Object;Ljava/lang/Object;ZZ)Ljava/lang/Object; @ 109
Event: 12.863 Thread 0x000000001be8d800 Uncommon trap: reason=unstable_if action=reinterpret pc=0x0000000003d578e4 method=java.util.HashMap.putVal(ILjava/lang/Object;Ljava/lang/Object;ZZ)Ljava/lang/Object; @ 109
Event: 12.931 Thread 0x000000001be8d800 Uncommon trap: reason=predicate action=maybe_recompile pc=0x000000000481b67c method=java.util.AbstractCollection.toArray([Ljava/lang/Object;)[Ljava/lang/Object; @ 49
Event: 13.978 Thread 0x000000001be8d800 Uncommon trap: reason=array_check action=maybe_recompile pc=0x0000000004894af0 method=java.util.AbstractCollection.toArray([Ljava/lang/Object;)[Ljava/lang/Object; @ 119
Event: 13.986 Thread 0x000000001be8d800 Uncommon trap: reason=array_check action=maybe_recompile pc=0x0000000004894af0 method=java.util.AbstractCollection.toArray([Ljava/lang/Object;)[Ljava/lang/Object; @ 119
Event: 14.006 Thread 0x000000001be8d800 Uncommon trap: reason=array_check action=maybe_recompile pc=0x0000000004894af0 method=java.util.AbstractCollection.toArray([Ljava/lang/Object;)[Ljava/lang/Object; @ 119
Event: 14.006 Thread 0x000000001be8d800 Uncommon trap: reason=array_check action=maybe_recompile pc=0x0000000004894af0 method=java.util.AbstractCollection.toArray([Ljava/lang/Object;)[Ljava/lang/Object; @ 119

Classes redefined (0 events):
No events

Internal exceptions (10 events):
Event: 13.827 Thread 0x000000001be8d800 Exception <a 'java/lang/ClassNotFoundException': com/android/build/gradle/tasks/MergeResources_DecoratedBeanInfo> (0x00000000e1c1cf88) thrown at [D:\src\AOSP-openjdk-cygwin\jdk8u\hotspot\src\share\vm\classfile\systemDictionary.cpp, line 210]
Event: 13.828 Thread 0x000000001be8d800 Exception <a 'java/lang/ClassNotFoundException': com/android/build/gradle/tasks/MergeResourcesBeanInfo> (0x00000000e1c37178) thrown at [D:\src\AOSP-openjdk-cygwin\jdk8u\hotspot\src\share\vm\classfile\systemDictionary.cpp, line 210]
Event: 13.828 Thread 0x000000001be8d800 Exception <a 'java/lang/ClassNotFoundException': com/android/build/gradle/tasks/ResourceAwareTaskBeanInfo> (0x00000000e1c51ec8) thrown at [D:\src\AOSP-openjdk-cygwin\jdk8u\hotspot\src\share\vm\classfile\systemDictionary.cpp, line 210]
Event: 13.829 Thread 0x000000001be8d800 Exception <a 'java/lang/ClassNotFoundException': com/android/build/gradle/internal/tasks/IncrementalTaskBeanInfo> (0x00000000e1c6ea68) thrown at [D:\src\AOSP-openjdk-cygwin\jdk8u\hotspot\src\share\vm\classfile\systemDictionary.cpp, line 210]
Event: 13.829 Thread 0x000000001be8d800 Exception <a 'java/lang/ClassNotFoundException': com/android/build/gradle/internal/tasks/AndroidVariantTaskBeanInfo> (0x00000000e1c8bc58) thrown at [D:\src\AOSP-openjdk-cygwin\jdk8u\hotspot\src\share\vm\classfile\systemDictionary.cpp, line 210]
Event: 13.830 Thread 0x000000001be8d800 Exception <a 'java/lang/ClassNotFoundException': com/android/build/gradle/internal/tasks/AndroidVariantTaskCustomizer> (0x00000000e1ca9e30) thrown at [D:\src\AOSP-openjdk-cygwin\jdk8u\hotspot\src\share\vm\classfile\systemDictionary.cpp, line 210]
Event: 13.831 Thread 0x000000001be8d800 Exception <a 'java/lang/ClassNotFoundException': com/android/build/gradle/internal/tasks/IncrementalTaskCustomizer> (0x00000000e1cdd558) thrown at [D:\src\AOSP-openjdk-cygwin\jdk8u\hotspot\src\share\vm\classfile\systemDictionary.cpp, line 210]
Event: 13.832 Thread 0x000000001be8d800 Exception <a 'java/lang/ClassNotFoundException': com/android/build/gradle/tasks/ResourceAwareTaskCustomizer> (0x00000000e1d0bca0) thrown at [D:\src\AOSP-openjdk-cygwin\jdk8u\hotspot\src\share\vm\classfile\systemDictionary.cpp, line 210]
Event: 13.833 Thread 0x000000001be8d800 Exception <a 'java/lang/ClassNotFoundException': com/android/build/gradle/tasks/MergeResourcesCustomizer> (0x00000000e1d46210) thrown at [D:\src\AOSP-openjdk-cygwin\jdk8u\hotspot\src\share\vm\classfile\systemDictionary.cpp, line 210]
Event: 13.835 Thread 0x000000001be8d800 Exception <a 'java/lang/ClassNotFoundException': com/android/build/gradle/tasks/MergeResources_DecoratedCustomizer> (0x00000000e1d91248) thrown at [D:\src\AOSP-openjdk-cygwin\jdk8u\hotspot\src\share\vm\classfile\systemDictionary.cpp, line 210]

Events (10 events):
Event: 14.025 loading class com/android/build/gradle/internal/core/VariantConfiguration
Event: 14.025 loading class com/android/build/gradle/internal/core/VariantConfiguration done
Event: 14.025 loading class com/android/build/gradle/internal/core/VariantConfiguration
Event: 14.025 loading class com/android/build/gradle/internal/core/VariantConfiguration done
Event: 14.025 loading class com/android/build/gradle/internal/core/VariantConfiguration
Event: 14.025 loading class com/android/build/gradle/internal/core/VariantConfiguration done
Event: 14.026 loading class com/android/build/gradle/internal/core/VariantConfiguration
Event: 14.026 loading class com/android/build/gradle/internal/core/VariantConfiguration done
Event: 14.027 loading class com/android/build/gradle/internal/scope/SplitList
Event: 14.027 loading class com/android/build/gradle/internal/scope/SplitList done


Dynamic libraries:
0x00007ff70abc0000 - 0x00007ff70abf1000 	C:\Program Files\Android\Android Studio\jre\bin\java.exe
0x00007ffc99fc0000 - 0x00007ffc9a1b0000 	C:\WINDOWS\SYSTEM32\ntdll.dll
0x00007ffc99910000 - 0x00007ffc999c2000 	C:\WINDOWS\System32\KERNEL32.DLL
0x00007ffc97d70000 - 0x00007ffc98014000 	C:\WINDOWS\System32\KERNELBASE.dll
0x00007ffc98770000 - 0x00007ffc98813000 	C:\WINDOWS\System32\ADVAPI32.dll
0x00007ffc98a70000 - 0x00007ffc98b0e000 	C:\WINDOWS\System32\msvcrt.dll
0x00007ffc98b10000 - 0x00007ffc98ba7000 	C:\WINDOWS\System32\sechost.dll
0x00007ffc98820000 - 0x00007ffc98940000 	C:\WINDOWS\System32\RPCRT4.dll
0x00007ffc98280000 - 0x00007ffc98414000 	C:\WINDOWS\System32\USER32.dll
0x00007ffc976f0000 - 0x00007ffc97711000 	C:\WINDOWS\System32\win32u.dll
0x00007ffc98db0000 - 0x00007ffc98dd6000 	C:\WINDOWS\System32\GDI32.dll
0x00007ffc97720000 - 0x00007ffc978b5000 	C:\WINDOWS\System32\gdi32full.dll
0x00007ffc97cd0000 - 0x00007ffc97d6e000 	C:\WINDOWS\System32\msvcp_win.dll
0x00007ffc97a20000 - 0x00007ffc97b1a000 	C:\WINDOWS\System32\ucrtbase.dll
0x00007ffc8b8c0000 - 0x00007ffc8bb44000 	C:\WINDOWS\WinSxS\amd64_microsoft.windows.common-controls_6595b64144ccf1df_6.0.18362.900_none_e6beb9d913147d17\COMCTL32.dll
0x00007ffc995d0000 - 0x00007ffc99905000 	C:\WINDOWS\System32\combase.dll
0x00007ffc978c0000 - 0x00007ffc97940000 	C:\WINDOWS\System32\bcryptPrimitives.dll
0x00007ffc98070000 - 0x00007ffc9809e000 	C:\WINDOWS\System32\IMM32.DLL
0x00000000590d0000 - 0x00000000591a2000 	C:\Program Files\Android\Android Studio\jre\jre\bin\msvcr100.dll
0x00000000591b0000 - 0x00000000599f6000 	C:\Program Files\Android\Android Studio\jre\jre\bin\server\jvm.dll
0x00007ffc99a30000 - 0x00007ffc99a38000 	C:\WINDOWS\System32\PSAPI.DLL
0x00007ffc83e40000 - 0x00007ffc83e49000 	C:\WINDOWS\SYSTEM32\WSOCK32.dll
0x00007ffc94990000 - 0x00007ffc949b4000 	C:\WINDOWS\SYSTEM32\WINMM.dll
0x00007ffc8d660000 - 0x00007ffc8d66a000 	C:\WINDOWS\SYSTEM32\VERSION.dll
0x00007ffc98de0000 - 0x00007ffc98e4f000 	C:\WINDOWS\System32\WS2_32.dll
0x00007ffc94780000 - 0x00007ffc947ad000 	C:\WINDOWS\SYSTEM32\WINMMBASE.dll
0x00007ffc98020000 - 0x00007ffc9806a000 	C:\WINDOWS\System32\cfgmgr32.dll
0x00007ffc913c0000 - 0x00007ffc913cf000 	C:\Program Files\Android\Android Studio\jre\jre\bin\verify.dll
0x00007ffc8d4b0000 - 0x00007ffc8d4d9000 	C:\Program Files\Android\Android Studio\jre\jre\bin\java.dll
0x00007ffc8d330000 - 0x00007ffc8d346000 	C:\Program Files\Android\Android Studio\jre\jre\bin\zip.dll
0x00007ffc98ee0000 - 0x00007ffc995c6000 	C:\WINDOWS\System32\SHELL32.dll
0x00007ffc98d00000 - 0x00007ffc98da9000 	C:\WINDOWS\System32\shcore.dll
0x00007ffc96f50000 - 0x00007ffc976d0000 	C:\WINDOWS\System32\windows.storage.dll
0x00007ffc96f00000 - 0x00007ffc96f23000 	C:\WINDOWS\System32\profapi.dll
0x00007ffc96eb0000 - 0x00007ffc96efa000 	C:\WINDOWS\System32\powrprof.dll
0x00007ffc96e80000 - 0x00007ffc96e90000 	C:\WINDOWS\System32\UMPDC.dll
0x00007ffc98940000 - 0x00007ffc98992000 	C:\WINDOWS\System32\shlwapi.dll
0x00007ffc96e90000 - 0x00007ffc96ea1000 	C:\WINDOWS\System32\kernel.appcore.dll
0x00007ffc976d0000 - 0x00007ffc976e7000 	C:\WINDOWS\System32\cryptsp.dll
0x00007ffc86ed0000 - 0x00007ffc86eea000 	C:\Program Files\Android\Android Studio\jre\jre\bin\net.dll
0x00007ffc893e0000 - 0x00007ffc895b6000 	C:\WINDOWS\SYSTEM32\urlmon.dll
0x00007ffc898c0000 - 0x00007ffc89b66000 	C:\WINDOWS\SYSTEM32\iertutil.dll
0x00007ffc968c0000 - 0x00007ffc968cc000 	C:\WINDOWS\SYSTEM32\CRYPTBASE.DLL
0x00007ffc966f0000 - 0x00007ffc96757000 	C:\WINDOWS\system32\mswsock.dll
0x00007ffc85c30000 - 0x00007ffc85c43000 	C:\Program Files\Android\Android Studio\jre\jre\bin\nio.dll
0x00007ffc91610000 - 0x00007ffc91636000 	C:\Users\mhbae\.gradle\native\30\windows-amd64\native-platform.dll
0x00007ffc8e950000 - 0x00007ffc8e95d000 	C:\Program Files\Android\Android Studio\jre\jre\bin\management.dll
0x00007ffc96260000 - 0x00007ffc96293000 	C:\WINDOWS\system32\rsaenh.dll
0x00007ffc979f0000 - 0x00007ffc97a16000 	C:\WINDOWS\System32\bcrypt.dll
0x00007ffc96d70000 - 0x00007ffc96d95000 	C:\WINDOWS\SYSTEM32\USERENV.dll
0x00007ffc96400000 - 0x00007ffc9643a000 	C:\WINDOWS\SYSTEM32\IPHLPAPI.DLL
0x00007ffc98ed0000 - 0x00007ffc98ed8000 	C:\WINDOWS\System32\NSI.dll
0x00007ffc8e3f0000 - 0x00007ffc8e406000 	C:\WINDOWS\SYSTEM32\dhcpcsvc6.DLL
0x00007ffc8e690000 - 0x00007ffc8e6ac000 	C:\WINDOWS\SYSTEM32\dhcpcsvc.DLL
0x00007ffc96440000 - 0x00007ffc9650b000 	C:\WINDOWS\SYSTEM32\DNSAPI.dll

VM Arguments:
jvm_args: -Xmx1536m -Dfile.encoding=x-windows-949 -Duser.country=KR -Duser.language=ko -Duser.variant 
java_command: org.gradle.launcher.daemon.bootstrap.GradleDaemon 5.6.4
java_class_path (initial): C:\Users\mhbae\.gradle\wrapper\dists\gradle-5.6.4-all\ankdp27end7byghfw1q2sw75f\gradle-5.6.4\lib\gradle-launcher-5.6.4.jar
Launcher Type: SUN_STANDARD

Environment Variables:
JAVA_HOME=C:\Program Files\Java\jdk1.8.0_171
CLASSPATH=.;C:\Program Files\Java\jdk1.8.0_171\lib\tools.jar
PATH=C:\app\Oracle\product\11.2.0\dbhome_1\bin;C:\app\명환이\product\11.2.0\dbhome_2\bin;C:\app\mh\product\11.2.0\dbhome_1\bin;C:\app\명환이\product\11.2.0\dbhome_1\bin;"C:\Program Files\Java\jdk1.8.0_171\bin;C:\Program Files (x86)\Common Files\Oracle\Java\javapath";C:\Program Files (x86)\Intel\iCLS Client\;C:\Program Files\Intel\iCLS Client\;C:\Windows\system32;C:\Windows;C:\Windows\System32\Wbem;C:\Windows\System32\WindowsPowerShell\v1.0\;C:\Windows\System32\OpenSSH\;C:\Program Files (x86)\NVIDIA Corporation\PhysX\Common;C:\Program Files (x86)\Intel\Intel(R) Management Engine Components\DAL;C:\Program Files\Intel\Intel(R) Management Engine Components\DAL;C:\Program Files (x86)\Intel\Intel(R) Management Engine Components\IPT;C:\Program Files\Intel\Intel(R) Management Engine Components\IPT;C:\Program Files\Java\jre1.8.0_171\bin;C:\WINDOWS\system32;C:\WINDOWS;C:\WINDOWS\System32\Wbem;C:\WINDOWS\System32\WindowsPowerShell\v1.0\;C:\WINDOWS\System32\OpenSSH\;C:\Program Files (x86)\PuTTY\;C:\opencv\build\x64\vc15\bin;C:\Program Files\Java\jdk1.8.0_171\bin;C:\Users\mhbae\AppData\Local\Programs\Python\Python38-32\Scripts\;C:\Users\mhbae\AppData\Local\Programs\Python\Python38-32\;C:\Users\mhbae\AppData\Local\Microsoft\WindowsApps;C:\Windows\System32;;C:\Program Files\JetBrains\PyCharm Community Edition 2020.1\bin;
USERNAME=mhbae
OS=Windows_NT
PROCESSOR_IDENTIFIER=Intel64 Family 6 Model 158 Stepping 9, GenuineIntel



---------------  S Y S T E M  ---------------

OS: Windows 10.0 , 64 bit Build 18362 (10.0.18362.900)

CPU:total 8 (initial active 8) (4 cores per cpu, 2 threads per core) family 6 model 158 stepping 9, cmov, cx8, fxsr, mmx, sse, sse2, sse3, ssse3, sse4.1, sse4.2, popcnt, avx, avx2, aes, clmul, erms, 3dnowpref, lzcnt, ht, tsc, tscinvbit, bmi1, bmi2, adx

Memory: 4k page, physical 8062744k(392656k free), swap 33228568k(5976k free)

vm_info: OpenJDK 64-Bit Server VM (25.212-b04) for windows-amd64 JRE (1.8.0_212-release-1586-b04), built by "builder" with MS VC++ 10.0 (VS2010)

time: Mon Jun 15 02:31:20 2020
timezone: 대한민국 표준시
elapsed time: 14 seconds (0d 0h 0m 14s)

